<?xml version="1.0" encoding="UTF-8"?>
<!-- Generated by org.testng.reporters.JUnitXMLReporter -->
<testsuite ignored="0" hostname="MSI" failures="1" tests="1" name="Surefire test" time="6.928" errors="0" timestamp="2026-02-24T23:23:59 IST">
  <testcase classname="tests.LoginTest" name="verifyLoginNavigation" time="0.0">
    <failure type="java.lang.RuntimeException" message="java.lang.NullPointerException: Cannot invoke &amp;quot;Object.toString()&amp;quot; because &amp;quot;cell&amp;quot; is null">
      <![CDATA[java.lang.RuntimeException: java.lang.NullPointerException: Cannot invoke "Object.toString()" because "cell" is null
at java.base/java.util.ArrayList.forEach(ArrayList.java:1511)
Caused by: java.lang.NullPointerException: Cannot invoke "Object.toString()" because "cell" is null
at Utility.ExcelUtils.getCellData(ExcelUtils.java:37)
at dataprovider.LoginDataProvider.loginData(LoginDataProvider.java:19)
... 30 more
... Removed 37 stack frames]]>
    </failure>
  </testcase> <!-- verifyLoginNavigation -->
</testsuite> <!-- Surefire test -->
