<?xml version="1.0" encoding="UTF-8"?>
<!-- Generated by org.testng.reporters.JUnitXMLReporter -->
<testsuite ignored="0" hostname="MSI" failures="0" tests="7" name="Login Feature Tests" time="11.933" errors="0" timestamp="2026-03-14T09:46:31 IST">
  <testcase classname="tests.LoginTest" name="verifyLoginNavigation" time="1.018"/>
  <testcase classname="tests.LoginTest" name="verifyLoginNavigation" time="0.563"/>
  <testcase classname="tests.LoginTest" name="verifyLoginNavigation" time="0.363"/>
  <testcase classname="tests.LoginTest" name="verifyLoginNavigation" time="0.419"/>
  <testcase classname="tests.LoginTest" name="verifyLoginNavigation" time="0.475"/>
  <testcase classname="tests.LoginTest" name="verifyLoginNavigation" time="0.59"/>
  <testcase classname="tests.LoginTest" name="verifyLoginNavigation" time="1.165"/>
</testsuite> <!-- Login Feature Tests -->
