<?xml version="1.0" encoding="UTF-8"?>
<!-- Generated by org.testng.reporters.JUnitXMLReporter -->
<testsuite ignored="0" hostname="MSI" failures="0" tests="7" name="Default test" time="31.557" errors="0" timestamp="2026-03-20T12:00:13 IST">
  <testcase classname="tests.LoginTest" name="verifyLoginNavigation" time="1.842"/>
  <testcase classname="tests.LoginTest" name="verifyLoginNavigation" time="2.795"/>
  <testcase classname="tests.LoginTest" name="verifyLoginNavigation" time="1.406"/>
  <testcase classname="tests.LoginTest" name="verifyLoginNavigation" time="1.217"/>
  <testcase classname="tests.LoginTest" name="verifyLoginNavigation" time="1.178"/>
  <testcase classname="tests.LoginTest" name="verifyLoginNavigation" time="1.682"/>
  <testcase classname="tests.LoginTest" name="verifyLoginNavigation" time="1.606"/>
</testsuite> <!-- Default test -->
