<?xml version="1.0" encoding="UTF-8"?>
<!-- Generated by org.testng.reporters.JUnitXMLReporter -->
<testsuite ignored="0" hostname="MSI" failures="0" tests="7" name="Default test" time="7.039" errors="0" timestamp="2026-02-27T11:13:32 IST">
  <testcase classname="tests.LoginTest" name="verifyLoginNavigation" time="0.579"/>
  <testcase classname="tests.LoginTest" name="verifyLoginNavigation" time="0.368"/>
  <testcase classname="tests.LoginTest" name="verifyLoginNavigation" time="0.361"/>
  <testcase classname="tests.LoginTest" name="verifyLoginNavigation" time="0.31"/>
  <testcase classname="tests.LoginTest" name="verifyLoginNavigation" time="0.295"/>
  <testcase classname="tests.LoginTest" name="verifyLoginNavigation" time="0.279"/>
  <testcase classname="tests.LoginTest" name="verifyLoginNavigation" time="0.295"/>
</testsuite> <!-- Default test -->
