<?xml version="1.0" encoding="UTF-8"?>
<testng-results retried="1" ignored="0" total="3" passed="0" failed="1" skipped="1">
  <reporter-output>
  </reporter-output>
  <suite started-at="2026-03-20T12:39:25 IST" name="Juice Shop - Full Regression" finished-at="2026-03-20T12:39:25 IST" duration-ms="123">
    <groups>
      <group name="regression">
        <method signature="End2End_2.loginAndDashboardCheck()[pri:0, instance:tests.End2End_2@22b53226]" name="loginAndDashboardCheck" class="tests.End2End_2"/>
        <method signature="End2End_2.productBasketAndCheckoutFlow()[pri:0, instance:tests.End2End_2@22b53226]" name="productBasketAndCheckoutFlow" class="tests.End2End_2"/>
      </group> <!-- regression -->
      <group name="smoke">
        <method signature="End2End_2.loginAndDashboardCheck()[pri:0, instance:tests.End2End_2@22b53226]" name="loginAndDashboardCheck" class="tests.End2End_2"/>
      </group> <!-- smoke -->
    </groups>
    <test started-at="2026-03-20T12:39:25 IST" name="End to End Regression" finished-at="2026-03-20T12:39:25 IST" duration-ms="123">
      <class name="tests.End2End_2">
        <test-method retried="true" signature="loginAndDashboardCheck()[pri:0, instance:tests.End2End_2@22b53226]" started-at="2026-03-20T12:39:25 IST" name="loginAndDashboardCheck" finished-at="2026-03-20T12:39:25 IST" duration-ms="36" status="SKIP">
          <exception class="java.lang.NullPointerException">
            <message>
              <![CDATA[Cannot invoke "org.openqa.selenium.WebDriver.findElement(org.openqa.selenium.By)" because "driver" is null]]>
            </message>
            <full-stacktrace>
              <![CDATA[java.lang.NullPointerException: Cannot invoke "org.openqa.selenium.WebDriver.findElement(org.openqa.selenium.By)" because "driver" is null
at org.openqa.selenium.support.ui.ExpectedConditions$6.apply(ExpectedConditions.java:195)
at org.openqa.selenium.support.ui.ExpectedConditions$6.apply(ExpectedConditions.java:190)
at org.openqa.selenium.support.ui.FluentWait.until(FluentWait.java:207)
at Pages.LoginPage.navigateToLoginPage(LoginPage.java:36)
at tests.End2End_2.loginAndDashboardCheck(End2End_2.java:21)
at java.base/jdk.internal.reflect.NativeMethodAccessorImpl.invoke0(Native Method)
at java.base/jdk.internal.reflect.NativeMethodAccessorImpl.invoke(NativeMethodAccessorImpl.java:77)
at java.base/jdk.internal.reflect.DelegatingMethodAccessorImpl.invoke(DelegatingMethodAccessorImpl.java:43)
at java.base/java.lang.reflect.Method.invoke(Method.java:568)
at org.testng.internal.invokers.MethodInvocationHelper.invokeMethod(MethodInvocationHelper.java:141)
at org.testng.internal.invokers.TestInvoker.invokeMethod(TestInvoker.java:687)
at org.testng.internal.invokers.TestInvoker.invokeTestMethod(TestInvoker.java:230)
at org.testng.internal.invokers.MethodRunner.runInSequence(MethodRunner.java:63)
at org.testng.internal.invokers.TestInvoker$MethodInvocationAgent.invoke(TestInvoker.java:995)
at org.testng.internal.invokers.TestInvoker.invokeTestMethods(TestInvoker.java:203)
at org.testng.internal.invokers.TestMethodWorker.invokeTestMethods(TestMethodWorker.java:154)
at org.testng.internal.invokers.TestMethodWorker.run(TestMethodWorker.java:134)
at java.base/java.util.concurrent.Executors$RunnableAdapter.call(Executors.java:539)
at java.base/java.util.concurrent.FutureTask.run(FutureTask.java:264)
at org.testng.internal.thread.graph.TestNGFutureTask.run(TestNGFutureTask.java:22)
at java.base/java.util.concurrent.ThreadPoolExecutor.runWorker(ThreadPoolExecutor.java:1136)
at java.base/java.util.concurrent.ThreadPoolExecutor$Worker.run(ThreadPoolExecutor.java:635)
at java.base/java.lang.Thread.run(Thread.java:833)
]]>
            </full-stacktrace>
          </exception> <!-- java.lang.NullPointerException -->
          <reporter-output>
          </reporter-output>
        </test-method> <!-- loginAndDashboardCheck -->
        <test-method signature="loginAndDashboardCheck()[pri:0, instance:tests.End2End_2@22b53226]" started-at="2026-03-20T12:39:25 IST" name="loginAndDashboardCheck" finished-at="2026-03-20T12:39:25 IST" duration-ms="2" status="FAIL">
          <exception class="java.lang.NullPointerException">
            <message>
              <![CDATA[Cannot invoke "org.openqa.selenium.WebDriver.findElement(org.openqa.selenium.By)" because "driver" is null]]>
            </message>
            <full-stacktrace>
              <![CDATA[java.lang.NullPointerException: Cannot invoke "org.openqa.selenium.WebDriver.findElement(org.openqa.selenium.By)" because "driver" is null
at org.openqa.selenium.support.ui.ExpectedConditions$6.apply(ExpectedConditions.java:195)
at org.openqa.selenium.support.ui.ExpectedConditions$6.apply(ExpectedConditions.java:190)
at org.openqa.selenium.support.ui.FluentWait.until(FluentWait.java:207)
at Pages.LoginPage.navigateToLoginPage(LoginPage.java:36)
at tests.End2End_2.loginAndDashboardCheck(End2End_2.java:21)
at java.base/jdk.internal.reflect.NativeMethodAccessorImpl.invoke0(Native Method)
at java.base/jdk.internal.reflect.NativeMethodAccessorImpl.invoke(NativeMethodAccessorImpl.java:77)
at java.base/jdk.internal.reflect.DelegatingMethodAccessorImpl.invoke(DelegatingMethodAccessorImpl.java:43)
at java.base/java.lang.reflect.Method.invoke(Method.java:568)
at org.testng.internal.invokers.MethodInvocationHelper.invokeMethod(MethodInvocationHelper.java:141)
at org.testng.internal.invokers.TestInvoker.invokeMethod(TestInvoker.java:687)
at org.testng.internal.invokers.TestInvoker.retryFailed(TestInvoker.java:269)
at org.testng.internal.invokers.MethodRunner.runInSequence(MethodRunner.java:76)
at org.testng.internal.invokers.TestInvoker$MethodInvocationAgent.invoke(TestInvoker.java:995)
at org.testng.internal.invokers.TestInvoker.invokeTestMethods(TestInvoker.java:203)
at org.testng.internal.invokers.TestMethodWorker.invokeTestMethods(TestMethodWorker.java:154)
at org.testng.internal.invokers.TestMethodWorker.run(TestMethodWorker.java:134)
at java.base/java.util.concurrent.Executors$RunnableAdapter.call(Executors.java:539)
at java.base/java.util.concurrent.FutureTask.run(FutureTask.java:264)
at org.testng.internal.thread.graph.TestNGFutureTask.run(TestNGFutureTask.java:22)
at java.base/java.util.concurrent.ThreadPoolExecutor.runWorker(ThreadPoolExecutor.java:1136)
at java.base/java.util.concurrent.ThreadPoolExecutor$Worker.run(ThreadPoolExecutor.java:635)
at java.base/java.lang.Thread.run(Thread.java:833)
]]>
            </full-stacktrace>
          </exception> <!-- java.lang.NullPointerException -->
          <reporter-output>
          </reporter-output>
        </test-method> <!-- loginAndDashboardCheck -->
        <test-method signature="productBasketAndCheckoutFlow()[pri:0, instance:tests.End2End_2@22b53226]" started-at="2026-03-20T12:39:25 IST" name="productBasketAndCheckoutFlow" finished-at="2026-03-20T12:39:25 IST" depends-on-methods="tests.End2End_2.loginAndDashboardCheck" duration-ms="0" status="SKIP">
          <exception class="java.lang.Throwable">
            <message>
              <![CDATA[Method tests.End2End_2.productBasketAndCheckoutFlow() on instance tests.End2End_2@22b53226 depends on not successfully finished methods 
[tests.End2End_2.loginAndDashboardCheck() on instance tests.End2End_2@22b53226]]]>
            </message>
            <full-stacktrace>
              <![CDATA[java.lang.Throwable: Method tests.End2End_2.productBasketAndCheckoutFlow() on instance tests.End2End_2@22b53226 depends on not successfully finished methods 
[tests.End2End_2.loginAndDashboardCheck() on instance tests.End2End_2@22b53226]
at org.testng.internal.invokers.TestInvoker.invokeTestMethods(TestInvoker.java:159)
at org.testng.internal.invokers.TestMethodWorker.invokeTestMethods(TestMethodWorker.java:154)
at org.testng.internal.invokers.TestMethodWorker.run(TestMethodWorker.java:134)
at java.base/java.util.concurrent.Executors$RunnableAdapter.call(Executors.java:539)
at java.base/java.util.concurrent.FutureTask.run(FutureTask.java:264)
at org.testng.internal.thread.graph.TestNGFutureTask.run(TestNGFutureTask.java:22)
at java.base/java.util.concurrent.ThreadPoolExecutor.runWorker(ThreadPoolExecutor.java:1136)
at java.base/java.util.concurrent.ThreadPoolExecutor$Worker.run(ThreadPoolExecutor.java:635)
at java.base/java.lang.Thread.run(Thread.java:833)
]]>
            </full-stacktrace>
          </exception> <!-- java.lang.Throwable -->
          <reporter-output>
          </reporter-output>
        </test-method> <!-- productBasketAndCheckoutFlow -->
      </class> <!-- tests.End2End_2 -->
    </test> <!-- End to End Regression -->
  </suite> <!-- Juice Shop - Full Regression -->
</testng-results>
