<?xml version="1.0" encoding="UTF-8"?>
<!-- Generated by org.testng.reporters.JUnitXMLReporter -->
<testsuite ignored="1" hostname="MSI" failures="1" tests="2" name="Smoke Tests" time="0.093" errors="0" timestamp="2026-03-20T11:16:47 IST">
  <testcase classname="tests.End2End_2" name="loginAndDashboardCheck" time="0.035">
    <skipped/>
  </testcase> <!-- loginAndDashboardCheck -->
  <testcase classname="tests.End2End_2" name="loginAndDashboardCheck" time="0.004">
    <failure type="java.lang.NullPointerException" message="Cannot invoke &amp;quot;org.openqa.selenium.WebDriver.findElement(org.openqa.selenium.By)&amp;quot; because &amp;quot;driver&amp;quot; is null">
      <![CDATA[java.lang.NullPointerException: Cannot invoke "org.openqa.selenium.WebDriver.findElement(org.openqa.selenium.By)" because "driver" is null
at org.openqa.selenium.support.ui.ExpectedConditions$6.apply(ExpectedConditions.java:195)
at org.openqa.selenium.support.ui.ExpectedConditions$6.apply(ExpectedConditions.java:190)
at org.openqa.selenium.support.ui.FluentWait.until(FluentWait.java:207)
at Pages.LoginPage.navigateToLoginPage(LoginPage.java:36)
at tests.End2End_2.loginAndDashboardCheck(End2End_2.java:21)
at java.base/java.util.ArrayList.forEach(ArrayList.java:1511)
... Removed 27 stack frames]]>
    </failure>
  </testcase> <!-- loginAndDashboardCheck -->
  <testcase classname="tests.End2End_2" name="productBasketAndCheckoutFlow" time="0.0">
    <ignored/>
  </testcase> <!-- productBasketAndCheckoutFlow -->
</testsuite> <!-- Smoke Tests -->
