<?xml version="1.0" encoding="UTF-8"?>
<testng-results ignored="0" total="7" passed="7" failed="0" skipped="0">
  <reporter-output>
  </reporter-output>
  <suite started-at="2026-03-20T11:59:41 IST" name="Default suite" finished-at="2026-03-20T12:00:13 IST" duration-ms="31557">
    <groups>
    </groups>
    <test started-at="2026-03-20T11:59:41 IST" name="Default test" finished-at="2026-03-20T12:00:13 IST" duration-ms="31557">
      <class name="tests.LoginTest">
        <test-method is-config="true" signature="setup()[pri:0, instance:tests.LoginTest@8c11eee]" started-at="2026-03-20T11:59:42 IST" name="setup" finished-at="2026-03-20T11:59:48 IST" duration-ms="5360" status="PASS">
          <reporter-output>
          </reporter-output>
        </test-method> <!-- setup -->
        <test-method signature="verifyLoginNavigation(java.lang.String,java.lang.String,java.lang.String)[pri:0, instance:tests.LoginTest@8c11eee]" started-at="2026-03-20T11:59:48 IST" name="verifyLoginNavigation" data-provider="loginData" finished-at="2026-03-20T11:59:49 IST" duration-ms="1842" status="PASS">
          <params>
            <param index="0">
              <value>
                <![CDATA[praunnoudelautto-8956@yopmail.com]]>
              </value>
            </param>
            <param index="1">
              <value>
                <![CDATA[Test@123]]>
              </value>
            </param>
            <param index="2">
              <value>
                <![CDATA[Success]]>
              </value>
            </param>
          </params>
          <reporter-output>
          </reporter-output>
        </test-method> <!-- verifyLoginNavigation -->
        <test-method is-config="true" signature="tearDown()[pri:0, instance:tests.LoginTest@8c11eee]" started-at="2026-03-20T11:59:49 IST" name="tearDown" finished-at="2026-03-20T11:59:50 IST" duration-ms="183" status="PASS">
          <reporter-output>
          </reporter-output>
        </test-method> <!-- tearDown -->
        <test-method is-config="true" signature="setup()[pri:0, instance:tests.LoginTest@8c11eee]" started-at="2026-03-20T11:59:50 IST" name="setup" finished-at="2026-03-20T11:59:52 IST" duration-ms="2199" status="PASS">
          <reporter-output>
          </reporter-output>
        </test-method> <!-- setup -->
        <test-method signature="verifyLoginNavigation(java.lang.String,java.lang.String,java.lang.String)[pri:0, instance:tests.LoginTest@8c11eee]" started-at="2026-03-20T11:59:52 IST" name="verifyLoginNavigation" data-provider="loginData" finished-at="2026-03-20T11:59:55 IST" duration-ms="2795" status="PASS">
          <params>
            <param index="0">
              <value>
                <![CDATA[praunnoudelautto-8956@yopmail.com]]>
              </value>
            </param>
            <param index="1">
              <value>
                <![CDATA[Test123]]>
              </value>
            </param>
            <param index="2">
              <value>
                <![CDATA[failure]]>
              </value>
            </param>
          </params>
          <reporter-output>
          </reporter-output>
        </test-method> <!-- verifyLoginNavigation -->
        <test-method is-config="true" signature="tearDown()[pri:0, instance:tests.LoginTest@8c11eee]" started-at="2026-03-20T11:59:55 IST" name="tearDown" finished-at="2026-03-20T11:59:55 IST" duration-ms="176" status="PASS">
          <reporter-output>
          </reporter-output>
        </test-method> <!-- tearDown -->
        <test-method is-config="true" signature="setup()[pri:0, instance:tests.LoginTest@8c11eee]" started-at="2026-03-20T11:59:55 IST" name="setup" finished-at="2026-03-20T11:59:58 IST" duration-ms="2791" status="PASS">
          <reporter-output>
          </reporter-output>
        </test-method> <!-- setup -->
        <test-method signature="verifyLoginNavigation(java.lang.String,java.lang.String,java.lang.String)[pri:0, instance:tests.LoginTest@8c11eee]" started-at="2026-03-20T11:59:58 IST" name="verifyLoginNavigation" data-provider="loginData" finished-at="2026-03-20T11:59:59 IST" duration-ms="1406" status="PASS">
          <params>
            <param index="0">
              <value>
                <![CDATA[wrong@gmail.com]]>
              </value>
            </param>
            <param index="1">
              <value>
                <![CDATA[Test@123]]>
              </value>
            </param>
            <param index="2">
              <value>
                <![CDATA[failure]]>
              </value>
            </param>
          </params>
          <reporter-output>
          </reporter-output>
        </test-method> <!-- verifyLoginNavigation -->
        <test-method is-config="true" signature="tearDown()[pri:0, instance:tests.LoginTest@8c11eee]" started-at="2026-03-20T11:59:59 IST" name="tearDown" finished-at="2026-03-20T11:59:59 IST" duration-ms="125" status="PASS">
          <reporter-output>
          </reporter-output>
        </test-method> <!-- tearDown -->
        <test-method is-config="true" signature="setup()[pri:0, instance:tests.LoginTest@8c11eee]" started-at="2026-03-20T11:59:59 IST" name="setup" finished-at="2026-03-20T12:00:01 IST" duration-ms="1761" status="PASS">
          <reporter-output>
          </reporter-output>
        </test-method> <!-- setup -->
        <test-method signature="verifyLoginNavigation(java.lang.String,java.lang.String,java.lang.String)[pri:0, instance:tests.LoginTest@8c11eee]" started-at="2026-03-20T12:00:01 IST" name="verifyLoginNavigation" data-provider="loginData" finished-at="2026-03-20T12:00:02 IST" duration-ms="1217" status="PASS">
          <params>
            <param index="0">
              <value>
                <![CDATA[  ]]>
              </value>
            </param>
            <param index="1">
              <value>
                <![CDATA[Test@123]]>
              </value>
            </param>
            <param index="2">
              <value>
                <![CDATA[failure]]>
              </value>
            </param>
          </params>
          <reporter-output>
          </reporter-output>
        </test-method> <!-- verifyLoginNavigation -->
        <test-method is-config="true" signature="tearDown()[pri:0, instance:tests.LoginTest@8c11eee]" started-at="2026-03-20T12:00:02 IST" name="tearDown" finished-at="2026-03-20T12:00:02 IST" duration-ms="129" status="PASS">
          <reporter-output>
          </reporter-output>
        </test-method> <!-- tearDown -->
        <test-method is-config="true" signature="setup()[pri:0, instance:tests.LoginTest@8c11eee]" started-at="2026-03-20T12:00:02 IST" name="setup" finished-at="2026-03-20T12:00:04 IST" duration-ms="2112" status="PASS">
          <reporter-output>
          </reporter-output>
        </test-method> <!-- setup -->
        <test-method signature="verifyLoginNavigation(java.lang.String,java.lang.String,java.lang.String)[pri:0, instance:tests.LoginTest@8c11eee]" started-at="2026-03-20T12:00:04 IST" name="verifyLoginNavigation" data-provider="loginData" finished-at="2026-03-20T12:00:05 IST" duration-ms="1178" status="PASS">
          <params>
            <param index="0">
              <value>
                <![CDATA[testuser1234@gmail.com]]>
              </value>
            </param>
            <param index="1">
              <value>
                <![CDATA[  ]]>
              </value>
            </param>
            <param index="2">
              <value>
                <![CDATA[failure]]>
              </value>
            </param>
          </params>
          <reporter-output>
          </reporter-output>
        </test-method> <!-- verifyLoginNavigation -->
        <test-method is-config="true" signature="tearDown()[pri:0, instance:tests.LoginTest@8c11eee]" started-at="2026-03-20T12:00:05 IST" name="tearDown" finished-at="2026-03-20T12:00:06 IST" duration-ms="115" status="PASS">
          <reporter-output>
          </reporter-output>
        </test-method> <!-- tearDown -->
        <test-method is-config="true" signature="setup()[pri:0, instance:tests.LoginTest@8c11eee]" started-at="2026-03-20T12:00:06 IST" name="setup" finished-at="2026-03-20T12:00:07 IST" duration-ms="1760" status="PASS">
          <reporter-output>
          </reporter-output>
        </test-method> <!-- setup -->
        <test-method signature="verifyLoginNavigation(java.lang.String,java.lang.String,java.lang.String)[pri:0, instance:tests.LoginTest@8c11eee]" started-at="2026-03-20T12:00:07 IST" name="verifyLoginNavigation" data-provider="loginData" finished-at="2026-03-20T12:00:09 IST" duration-ms="1682" status="PASS">
          <params>
            <param index="0">
              <value>
                <![CDATA[ OR 1=1--]]>
              </value>
            </param>
            <param index="1">
              <value>
                <![CDATA[Test123]]>
              </value>
            </param>
            <param index="2">
              <value>
                <![CDATA[failure]]>
              </value>
            </param>
          </params>
          <reporter-output>
          </reporter-output>
        </test-method> <!-- verifyLoginNavigation -->
        <test-method is-config="true" signature="tearDown()[pri:0, instance:tests.LoginTest@8c11eee]" started-at="2026-03-20T12:00:09 IST" name="tearDown" finished-at="2026-03-20T12:00:09 IST" duration-ms="116" status="PASS">
          <reporter-output>
          </reporter-output>
        </test-method> <!-- tearDown -->
        <test-method is-config="true" signature="setup()[pri:0, instance:tests.LoginTest@8c11eee]" started-at="2026-03-20T12:00:09 IST" name="setup" finished-at="2026-03-20T12:00:11 IST" duration-ms="1754" status="PASS">
          <reporter-output>
          </reporter-output>
        </test-method> <!-- setup -->
        <test-method signature="verifyLoginNavigation(java.lang.String,java.lang.String,java.lang.String)[pri:0, instance:tests.LoginTest@8c11eee]" started-at="2026-03-20T12:00:11 IST" name="verifyLoginNavigation" data-provider="loginData" finished-at="2026-03-20T12:00:12 IST" duration-ms="1606" status="PASS">
          <params>
            <param index="0">
              <value>
                <![CDATA[<script>alert(1)</script>]]>
              </value>
            </param>
            <param index="1">
              <value>
                <![CDATA[Test123]]>
              </value>
            </param>
            <param index="2">
              <value>
                <![CDATA[failure]]>
              </value>
            </param>
          </params>
          <reporter-output>
          </reporter-output>
        </test-method> <!-- verifyLoginNavigation -->
        <test-method is-config="true" signature="tearDown()[pri:0, instance:tests.LoginTest@8c11eee]" started-at="2026-03-20T12:00:12 IST" name="tearDown" finished-at="2026-03-20T12:00:13 IST" duration-ms="121" status="PASS">
          <reporter-output>
          </reporter-output>
        </test-method> <!-- tearDown -->
      </class> <!-- tests.LoginTest -->
    </test> <!-- Default test -->
  </suite> <!-- Default suite -->
</testng-results>
