<?xml version="1.0" encoding="UTF-8"?>
<testng-results ignored="0" total="7" passed="7" failed="0" skipped="0">
  <reporter-output>
  </reporter-output>
  <suite started-at="2026-02-25T11:47:42 IST" name="OWASP Juice Shop Automation Suite" finished-at="2026-02-25T11:47:51 IST" duration-ms="9487">
    <groups>
    </groups>
    <test started-at="2026-02-25T11:47:42 IST" name="Login Feature Tests" finished-at="2026-02-25T11:47:51 IST" duration-ms="9487">
      <class name="tests.LoginTest">
        <test-method is-config="true" signature="setup()[pri:0, instance:tests.LoginTest@cf65451]" started-at="2026-02-25T11:47:42 IST" name="setup" finished-at="2026-02-25T11:47:46 IST" duration-ms="4107" status="PASS">
          <reporter-output>
          </reporter-output>
        </test-method> <!-- setup -->
        <test-method signature="verifyLoginNavigation(java.lang.String,java.lang.String)[pri:0, instance:tests.LoginTest@cf65451]" started-at="2026-02-25T11:47:47 IST" name="verifyLoginNavigation" data-provider="loginData" finished-at="2026-02-25T11:47:48 IST" duration-ms="1114" status="PASS">
          <params>
            <param index="0">
              <value>
                <![CDATA[testuser1234@gmail.com]]>
              </value>
            </param>
            <param index="1">
              <value>
                <![CDATA[Test@123]]>
              </value>
            </param>
          </params>
          <reporter-output>
          </reporter-output>
        </test-method> <!-- verifyLoginNavigation -->
        <test-method signature="verifyLoginNavigation(java.lang.String,java.lang.String)[pri:0, instance:tests.LoginTest@cf65451]" started-at="2026-02-25T11:47:48 IST" name="verifyLoginNavigation" data-provider="loginData" finished-at="2026-02-25T11:47:49 IST" duration-ms="869" status="PASS">
          <params>
            <param index="0">
              <value>
                <![CDATA[testuser1234@gmail.com]]>
              </value>
            </param>
            <param index="1">
              <value>
                <![CDATA[Test123]]>
              </value>
            </param>
          </params>
          <reporter-output>
          </reporter-output>
        </test-method> <!-- verifyLoginNavigation -->
        <test-method signature="verifyLoginNavigation(java.lang.String,java.lang.String)[pri:0, instance:tests.LoginTest@cf65451]" started-at="2026-02-25T11:47:49 IST" name="verifyLoginNavigation" data-provider="loginData" finished-at="2026-02-25T11:47:49 IST" duration-ms="719" status="PASS">
          <params>
            <param index="0">
              <value>
                <![CDATA[wrong@gmail.com]]>
              </value>
            </param>
            <param index="1">
              <value>
                <![CDATA[Test@123]]>
              </value>
            </param>
          </params>
          <reporter-output>
          </reporter-output>
        </test-method> <!-- verifyLoginNavigation -->
        <test-method signature="verifyLoginNavigation(java.lang.String,java.lang.String)[pri:0, instance:tests.LoginTest@cf65451]" started-at="2026-02-25T11:47:49 IST" name="verifyLoginNavigation" data-provider="loginData" finished-at="2026-02-25T11:47:50 IST" duration-ms="445" status="PASS">
          <params>
            <param index="0">
              <value>
                <![CDATA[]]>
              </value>
            </param>
            <param index="1">
              <value>
                <![CDATA[Test@123]]>
              </value>
            </param>
          </params>
          <reporter-output>
          </reporter-output>
        </test-method> <!-- verifyLoginNavigation -->
        <test-method signature="verifyLoginNavigation(java.lang.String,java.lang.String)[pri:0, instance:tests.LoginTest@cf65451]" started-at="2026-02-25T11:47:50 IST" name="verifyLoginNavigation" data-provider="loginData" finished-at="2026-02-25T11:47:50 IST" duration-ms="378" status="PASS">
          <params>
            <param index="0">
              <value>
                <![CDATA[testuser1234@gmail.com]]>
              </value>
            </param>
            <param index="1">
              <value>
                <![CDATA[]]>
              </value>
            </param>
          </params>
          <reporter-output>
          </reporter-output>
        </test-method> <!-- verifyLoginNavigation -->
        <test-method signature="verifyLoginNavigation(java.lang.String,java.lang.String)[pri:0, instance:tests.LoginTest@cf65451]" started-at="2026-02-25T11:47:50 IST" name="verifyLoginNavigation" data-provider="loginData" finished-at="2026-02-25T11:47:51 IST" duration-ms="347" status="PASS">
          <params>
            <param index="0">
              <value>
                <![CDATA[ OR 1=1--]]>
              </value>
            </param>
            <param index="1">
              <value>
                <![CDATA[Test123]]>
              </value>
            </param>
          </params>
          <reporter-output>
          </reporter-output>
        </test-method> <!-- verifyLoginNavigation -->
        <test-method signature="verifyLoginNavigation(java.lang.String,java.lang.String)[pri:0, instance:tests.LoginTest@cf65451]" started-at="2026-02-25T11:47:51 IST" name="verifyLoginNavigation" data-provider="loginData" finished-at="2026-02-25T11:47:51 IST" duration-ms="350" status="PASS">
          <params>
            <param index="0">
              <value>
                <![CDATA[<script>alert(1)</script>]]>
              </value>
            </param>
            <param index="1">
              <value>
                <![CDATA[Test123]]>
              </value>
            </param>
          </params>
          <reporter-output>
          </reporter-output>
        </test-method> <!-- verifyLoginNavigation -->
        <test-method is-config="true" signature="tearDown()[pri:0, instance:tests.LoginTest@cf65451]" started-at="2026-02-25T11:47:51 IST" name="tearDown" finished-at="2026-02-25T11:47:51 IST" duration-ms="306" status="PASS">
          <reporter-output>
          </reporter-output>
        </test-method> <!-- tearDown -->
      </class> <!-- tests.LoginTest -->
    </test> <!-- Login Feature Tests -->
  </suite> <!-- OWASP Juice Shop Automation Suite -->
</testng-results>
