<?xml version="1.0" encoding="UTF-8"?>
<!-- Generated by org.testng.reporters.JUnitReportReporter -->
<testsuite hostname="MSI" failures="0" tests="7" name="tests.LoginTest" time="4.222" errors="0" timestamp="2026-02-25T11:47:52 IST" skipped="0">
  <testcase classname="tests.LoginTest" name="verifyLoginNavigation" time="0.378"/>
  <testcase classname="tests.LoginTest" name="verifyLoginNavigation" time="0.347"/>
  <testcase classname="tests.LoginTest" name="verifyLoginNavigation" time="0.445"/>
  <testcase classname="tests.LoginTest" name="verifyLoginNavigation" time="0.719"/>
  <testcase classname="tests.LoginTest" name="verifyLoginNavigation" time="0.869"/>
  <testcase classname="tests.LoginTest" name="verifyLoginNavigation" time="1.114"/>
  <testcase classname="tests.LoginTest" name="verifyLoginNavigation" time="0.350"/>
</testsuite> <!-- tests.LoginTest -->
