<?xml version="1.0" encoding="UTF-8"?>
<!-- Generated by org.testng.reporters.JUnitReportReporter -->
<testsuite hostname="MSI" failures="0" tests="7" name="tests.LoginTest" time="2.487" errors="0" timestamp="2026-02-27T11:13:32 IST" skipped="0">
  <testcase classname="tests.LoginTest" name="verifyLoginNavigation" time="0.295"/>
  <testcase classname="tests.LoginTest" name="verifyLoginNavigation" time="0.310"/>
  <testcase classname="tests.LoginTest" name="verifyLoginNavigation" time="0.279"/>
  <testcase classname="tests.LoginTest" name="verifyLoginNavigation" time="0.361"/>
  <testcase classname="tests.LoginTest" name="verifyLoginNavigation" time="0.368"/>
  <testcase classname="tests.LoginTest" name="verifyLoginNavigation" time="0.295"/>
  <testcase classname="tests.LoginTest" name="verifyLoginNavigation" time="0.579"/>
</testsuite> <!-- tests.LoginTest -->
